This is pdfTeX, Version 3.141592653-2.6-1.40.22 (TeX Live 2021/TeX Live for SUSE Linux) (preloaded format=latex 2023.6.13)  14 JUN 2023 10:02
entering extended mode
 restricted \write18 enabled.
 %&-line parsing enabled.
**./images.tex
(./images.tex
LaTeX2e <2020-10-01> patch level 4
L3 programming layer <2021-02-18>
(/usr/share/texmf/tex/latex/base/article.cls
Document Class: article 2020/04/10 v1.4m Standard LaTeX document class
(/usr/share/texmf/tex/latex/base/size10.clo
File: size10.clo 2020/04/10 v1.4m Standard LaTeX file (size option)
)
\c@part=\count179
\c@section=\count180
\c@subsection=\count181
\c@subsubsection=\count182
\c@paragraph=\count183
\c@subparagraph=\count184
\c@figure=\count185
\c@table=\count186
\abovecaptionskip=\skip47
\belowcaptionskip=\skip48
\bibindent=\dimen138
) (/usr/share/texmf/tex/latex/base/ifthen.sty
Package: ifthen 2014/09/29 v1.1c Standard LaTeX ifthen package (DPC)
) (/usr/share/texmf/tex/latex/graphics/graphicx.sty
Package: graphicx 2020/09/09 v1.2b Enhanced LaTeX Graphics (DPC,SPQR)
(/usr/share/texmf/tex/latex/graphics/keyval.sty
Package: keyval 2014/10/28 v1.15 key=value parser (DPC)
\KV@toks@=\toks15
) (/usr/share/texmf/tex/latex/graphics/graphics.sty
Package: graphics 2020/08/30 v1.4c Standard LaTeX Graphics (DPC,SPQR)
(/usr/share/texmf/tex/latex/graphics/trig.sty
Package: trig 2016/01/03 v1.10 sin cos tan (DPC)
) (/usr/share/texmf/tex/latex/graphics-cfg/graphics.cfg
File: graphics.cfg 2016/06/04 v1.11 sample graphics configuration
)
Package graphics Info: Driver file: dvips.def on input line 105.
(/usr/share/texmf/tex/latex/graphics-def/dvips.def
File: dvips.def 2017/06/20 v3.1d Graphics/color driver for dvips
))
\Gin@req@height=\dimen139
\Gin@req@width=\dimen140
) (/usr/share/texmf/tex/latex/xcolor/xcolor.sty
Package: xcolor 2016/05/11 v2.12 LaTeX color extensions (UK)
(/usr/share/texmf/tex/latex/graphics-cfg/color.cfg
File: color.cfg 2016/01/02 v1.6 sample color configuration
)
Package xcolor Info: Driver file: dvips.def on input line 225.
Package xcolor Info: Model `cmy' substituted by `cmy0' on input line 1348.
Package xcolor Info: Model `RGB' extended on input line 1364.
Package xcolor Info: Model `HTML' substituted by `rgb' on input line 1366.
Package xcolor Info: Model `Hsb' substituted by `hsb' on input line 1367.
Package xcolor Info: Model `tHsb' substituted by `hsb' on input line 1368.
Package xcolor Info: Model `HSB' substituted by `hsb' on input line 1369.
Package xcolor Info: Model `Gray' substituted by `gray' on input line 1370.
Package xcolor Info: Model `wave' substituted by `hsb' on input line 1371.
) (/usr/share/texmf/tex/latex/amsmath/amsmath.sty
Package: amsmath 2020/09/23 v2.17i AMS math features
\@mathmargin=\skip49
For additional information on amsmath, use the `?' option.
(/usr/share/texmf/tex/latex/amsmath/amstext.sty
Package: amstext 2000/06/29 v2.01 AMS text
(/usr/share/texmf/tex/latex/amsmath/amsgen.sty
File: amsgen.sty 1999/11/30 v2.0 generic functions
\@emptytoks=\toks16
\ex@=\dimen141
)) (/usr/share/texmf/tex/latex/amsmath/amsbsy.sty
Package: amsbsy 1999/11/29 v1.2d Bold Symbols
\pmbraise@=\dimen142
) (/usr/share/texmf/tex/latex/amsmath/amsopn.sty
Package: amsopn 2016/03/08 v2.02 operator names
)
\inf@bad=\count187
LaTeX Info: Redefining \frac on input line 234.
\uproot@=\count188
\leftroot@=\count189
LaTeX Info: Redefining \overline on input line 399.
\classnum@=\count190
\DOTSCASE@=\count191
LaTeX Info: Redefining \ldots on input line 496.
LaTeX Info: Redefining \dots on input line 499.
LaTeX Info: Redefining \cdots on input line 620.
\Mathstrutbox@=\box47
\strutbox@=\box48
\big@size=\dimen143
LaTeX Font Info:    Redeclaring font encoding OML on input line 743.
LaTeX Font Info:    Redeclaring font encoding OMS on input line 744.
\macc@depth=\count192
\c@MaxMatrixCols=\count193
\dotsspace@=\muskip16
\c@parentequation=\count194
\dspbrk@lvl=\count195
\tag@help=\toks17
\row@=\count196
\column@=\count197
\maxfields@=\count198
\andhelp@=\toks18
\eqnshift@=\dimen144
\alignsep@=\dimen145
\tagshift@=\dimen146
\tagwidth@=\dimen147
\totwidth@=\dimen148
\lineht@=\dimen149
\@envbody=\toks19
\multlinegap=\skip50
\multlinetaggap=\skip51
\mathdisplay@stack=\toks20
LaTeX Info: Redefining \[ on input line 2923.
LaTeX Info: Redefining \] on input line 2924.
) (/usr/share/texmf/tex/latex/amsfonts/amsfonts.sty
Package: amsfonts 2013/01/14 v3.01 Basic AMSFonts support
\symAMSa=\mathgroup4
\symAMSb=\mathgroup5
LaTeX Font Info:    Redeclaring math symbol \hbar on input line 98.
LaTeX Font Info:    Overwriting math alphabet `\mathfrak' in version `bold'
(Font)                  U/euf/m/n --> U/euf/b/n on input line 106.
) (/usr/share/texmf/tex/latex/amsfonts/amssymb.sty
Package: amssymb 2013/01/14 v3.01 AMS font symbols
) (/usr/share/texmf/tex/latex/hyperref/hyperref.sty
Package: hyperref 2021-02-27 v7.00k Hypertext links for LaTeX
(/usr/share/texmf/tex/generic/ltxcmds/ltxcmds.sty
Package: ltxcmds 2020-05-10 v1.25 LaTeX kernel commands for general use (HO)
) (/usr/share/texmf/tex/generic/iftex/iftex.sty
Package: iftex 2020/03/06 v1.0d TeX engine tests
) (/usr/share/texmf/tex/generic/pdftexcmds/pdftexcmds.sty
Package: pdftexcmds 2020-06-27 v0.33 Utility functions of pdfTeX for LuaTeX (HO
)
(/usr/share/texmf/tex/generic/infwarerr/infwarerr.sty
Package: infwarerr 2019/12/03 v1.5 Providing info/warning/error messages (HO)
)
Package pdftexcmds Info: \pdf@primitive is available.
Package pdftexcmds Info: \pdf@ifprimitive is available.
Package pdftexcmds Info: \pdfdraftmode is ignored in DVI mode.
) (/usr/share/texmf/tex/generic/kvsetkeys/kvsetkeys.sty
Package: kvsetkeys 2019/12/15 v1.18 Key value parser (HO)
) (/usr/share/texmf/tex/generic/kvdefinekeys/kvdefinekeys.sty
Package: kvdefinekeys 2019-12-19 v1.6 Define keys (HO)
) (/usr/share/texmf/tex/generic/pdfescape/pdfescape.sty
Package: pdfescape 2019/12/09 v1.15 Implements pdfTeX's escape features (HO)
) (/usr/share/texmf/tex/latex/hycolor/hycolor.sty
Package: hycolor 2020-01-27 v1.10 Color options for hyperref/bookmark (HO)
) (/usr/share/texmf/tex/latex/letltxmacro/letltxmacro.sty
Package: letltxmacro 2019/12/03 v1.6 Let assignment for LaTeX macros (HO)
) (/usr/share/texmf/tex/latex/auxhook/auxhook.sty
Package: auxhook 2019-12-17 v1.6 Hooks for auxiliary files (HO)
) (/usr/share/texmf/tex/latex/kvoptions/kvoptions.sty
Package: kvoptions 2020-10-07 v3.14 Key value format for package options (HO)
)
\@linkdim=\dimen150
\Hy@linkcounter=\count199
\Hy@pagecounter=\count266
(/usr/share/texmf/tex/latex/hyperref/pd1enc.def
File: pd1enc.def 2021-02-27 v7.00k Hyperref: PDFDocEncoding definition (HO)
Now handling font encoding PD1 ...
... no UTF-8 mapping file for font encoding PD1
) (/usr/share/texmf/tex/latex/hyperref/hyperref-langpatches.def
File: hyperref-langpatches.def 2021-02-27 v7.00k Hyperref: patches for babel la
nguages
) (/usr/share/texmf/tex/generic/intcalc/intcalc.sty
Package: intcalc 2019/12/15 v1.3 Expandable calculations with integers (HO)
) (/usr/share/texmf/tex/generic/etexcmds/etexcmds.sty
Package: etexcmds 2019/12/15 v1.7 Avoid name clashes with e-TeX commands (HO)
)
\Hy@SavedSpaceFactor=\count267
(/usr/share/texmf/tex/latex/hyperref/puenc.def
File: puenc.def 2021-02-27 v7.00k Hyperref: PDF Unicode definition (HO)
Now handling font encoding PU ...
... no UTF-8 mapping file for font encoding PU
)
Package hyperref Info: Hyper figures OFF on input line 4192.
Package hyperref Info: Link nesting OFF on input line 4197.
Package hyperref Info: Hyper index ON on input line 4200.
Package hyperref Info: Plain pages OFF on input line 4207.
Package hyperref Info: Backreferencing OFF on input line 4212.
Package hyperref Info: Implicit mode ON; LaTeX internals redefined.
Package hyperref Info: Bookmarks ON on input line 4445.
\c@Hy@tempcnt=\count268
(/usr/share/texmf/tex/latex/url/url.sty
\Urlmuskip=\muskip17
Package: url 2013/09/16  ver 3.4  Verb mode for urls, etc.
)
LaTeX Info: Redefining \url on input line 4804.
\XeTeXLinkMargin=\dimen151
(/usr/share/texmf/tex/generic/bitset/bitset.sty
Package: bitset 2019/12/09 v1.3 Handle bit-vector datatype (HO)
(/usr/share/texmf/tex/generic/bigintcalc/bigintcalc.sty
Package: bigintcalc 2019/12/15 v1.5 Expandable calculations on big integers (HO
)
))
\Fld@menulength=\count269
\Field@Width=\dimen152
\Fld@charsize=\dimen153
Package hyperref Info: Hyper figures OFF on input line 6075.
Package hyperref Info: Link nesting OFF on input line 6080.
Package hyperref Info: Hyper index ON on input line 6083.
Package hyperref Info: backreferencing OFF on input line 6090.
Package hyperref Info: Link coloring OFF on input line 6095.
Package hyperref Info: Link coloring with OCG OFF on input line 6100.
Package hyperref Info: PDF/A mode OFF on input line 6105.
LaTeX Info: Redefining \ref on input line 6145.
LaTeX Info: Redefining \pageref on input line 6149.
(/usr/share/texmf/tex/latex/base/atbegshi-ltx.sty
Package: atbegshi-ltx 2020/08/17 v1.0a Emulation of the original atbegshi packa
ge
with kernel methods
)
\Hy@abspage=\count270
\c@Item=\count271
\c@Hfootnote=\count272
)
Package hyperref Info: Driver (default): hdvips.
(/usr/share/texmf/tex/latex/hyperref/hdvips.def
File: hdvips.def 2021-02-27 v7.00k Hyperref driver for dvips
(/usr/share/texmf/tex/latex/hyperref/pdfmark.def
File: pdfmark.def 2021-02-27 v7.00k Hyperref definitions for pdfmark specials
\pdf@docset=\toks21
\pdf@box=\box49
\pdf@toks=\toks22
\pdf@defaulttoks=\toks23
\HyField@AnnotCount=\count273
\Fld@listcount=\count274
\c@bookmark@seq@number=\count275
(/usr/share/texmf/tex/latex/rerunfilecheck/rerunfilecheck.sty
Package: rerunfilecheck 2019/12/05 v1.9 Rerun checks for auxiliary files (HO)
(/usr/share/texmf/tex/latex/base/atveryend-ltx.sty
Package: atveryend-ltx 2020/08/19 v1.0a Emulation of the original atvery packag
e
with kernel methods
) (/usr/share/texmf/tex/generic/uniquecounter/uniquecounter.sty
Package: uniquecounter 2019/12/15 v1.4 Provide unlimited unique counter (HO)
)
Package uniquecounter Info: New unique counter `rerunfilecheck' on input line 2
86.
)
\Hy@SectionHShift=\skip52
))
Package hyperref Info: Option `colorlinks' set `true' on input line 16.
(/usr/share/texmf/tex/latex/jknapltx/mathrsfs.sty
Package: mathrsfs 1996/01/01 Math RSFS package v1.0 (jk)
\symrsfs=\mathgroup6
)

! LaTeX Error: Option clash for package color.

See the LaTeX manual or LaTeX Companion for explanation.
Type  H <return>  for immediate help.
 ...                                              
                                                  
l.29 
     
The package color has already been loaded with options:
  []
There has now been an attempt to load it with options
  [dvips]
Adding the global options:
  ,dvips
to your \documentclass declaration may fix this.
Try typing  <return>  to proceed.

(/usr/share/texmf/tex/latex/base/inputenc.sty
Package: inputenc 2020/08/01 v1.3d Input encoding file
\inpenc@prehook=\toks24
\inpenc@posthook=\toks25
(/usr/share/texmf/tex/latex/base/latin1.def
File: latin1.def 2020/08/01 v1.3d Input encoding file
))
\sizebox=\box50
\lthtmlwrite=\write3
(/usr/share/texmf/tex/latex/l3backend/l3backend-dvips.def
File: l3backend-dvips.def 2021-03-18 L3 backend support: dvips
\l__pdf_internal_box=\box51
\g__pdf_backend_object_int=\count276
\l__pdf_backend_content_box=\box52
\l__pdf_backend_model_box=\box53
\g__pdf_backend_annotation_int=\count277
\g__pdf_backend_link_int=\count278
\g__pdf_backend_link_sf_int=\count279
) (./images.aux)
\openout1 = `images.aux'.

LaTeX Font Info:    Checking defaults for OML/cmm/m/it on input line 147.
LaTeX Font Info:    ... okay on input line 147.
LaTeX Font Info:    Checking defaults for OMS/cmsy/m/n on input line 147.
LaTeX Font Info:    ... okay on input line 147.
LaTeX Font Info:    Checking defaults for OT1/cmr/m/n on input line 147.
LaTeX Font Info:    ... okay on input line 147.
LaTeX Font Info:    Checking defaults for T1/cmr/m/n on input line 147.
LaTeX Font Info:    ... okay on input line 147.
LaTeX Font Info:    Checking defaults for TS1/cmr/m/n on input line 147.
LaTeX Font Info:    ... okay on input line 147.
LaTeX Font Info:    Checking defaults for OMX/cmex/m/n on input line 147.
LaTeX Font Info:    ... okay on input line 147.
LaTeX Font Info:    Checking defaults for U/cmr/m/n on input line 147.
LaTeX Font Info:    ... okay on input line 147.
LaTeX Font Info:    Checking defaults for PD1/pdf/m/n on input line 147.
LaTeX Font Info:    ... okay on input line 147.
LaTeX Font Info:    Checking defaults for PU/pdf/m/n on input line 147.
LaTeX Font Info:    ... okay on input line 147.
Package hyperref Info: Link coloring ON on input line 147.
(/usr/share/texmf/tex/latex/hyperref/nameref.sty
Package: nameref 2021-04-02 v2.47 Cross-referencing by name of section
(/usr/share/texmf/tex/latex/refcount/refcount.sty
Package: refcount 2019/12/15 v3.6 Data extraction from label references (HO)
) (/usr/share/texmf/tex/generic/gettitlestring/gettitlestring.sty
Package: gettitlestring 2019/12/15 v1.6 Cleanup title references (HO)
)
\c@section@level=\count280
)
LaTeX Info: Redefining \ref on input line 147.
LaTeX Info: Redefining \pageref on input line 147.
LaTeX Info: Redefining \nameref on input line 147.
(./images.out) (./images.out)
\@outlinefile=\write4
\openout4 = `images.out'.


Package hyperref Warning: Rerun to get /PageLabels entry.


latex2htmlLength hsize=349.0pt

latex2htmlLength vsize=633.0pt

latex2htmlLength hoffset=0.0pt

latex2htmlLength voffset=0.0pt

latex2htmlLength topmargin=0.0pt

latex2htmlLength topskip=0.00003pt

latex2htmlLength headheight=0.0pt

latex2htmlLength headsep=0.0pt

latex2htmlLength parskip=0.0pt plus 1.0pt

latex2htmlLength oddsidemargin=62.0pt

latex2htmlLength evensidemargin=62.0pt

LaTeX Font Info:    Trying to load font information for U+msa on input line 171
.
(/usr/share/texmf/tex/latex/amsfonts/umsa.fd
File: umsa.fd 2013/01/14 v3.01 AMS symbols A
)
LaTeX Font Info:    Trying to load font information for U+msb on input line 171
.
(/usr/share/texmf/tex/latex/amsfonts/umsb.fd
File: umsb.fd 2013/01/14 v3.01 AMS symbols B
)
LaTeX Font Info:    Trying to load font information for U+rsfs on input line 17
1.
(/usr/share/texmf/tex/latex/jknapltx/ursfs.fd
File: ursfs.fd 1998/03/24 rsfs font definition file (jk)
)
l2hSize :tex2html_wrap_inline15042:7.1428pt::7.1428pt::14.7825pt.
[1



]
l2hSize :tex2html_wrap_inline15074:8.0pt::8.0pt::36.21313pt.
[2


]
l2hSize :tex2html_wrap_inline15086:8.0pt::8.0pt::23.72575pt.
[3


]
l2hSize :tex2html_wrap_inline15090:6.95831pt::6.95831pt::14.7825pt.
[4


]
l2hSize :tex2html_wrap_inline15118:6.95831pt::6.95831pt::10.01741pt.
[5


]
l2hSize :tex2html_wrap_inline15120:6.95831pt::6.95831pt::10.01741pt.
[6


]
l2hSize :tex2html_wrap_inline15124:7.44444pt::7.44444pt::9.88202pt.
[7


]
l2hSize :tex2html_wrap_inline15126:7.44444pt::7.44444pt::9.88202pt.
[8


]
l2hSize :tex2html_wrap_inline15136:7.44444pt::7.44444pt::20.96652pt.
[9


]
l2hSize :tex2html_wrap_inline15154:8.64003pt::8.64003pt::32.20834pt.
[10


]
l2hSize :tex2html_wrap_inline15156:8.64003pt::8.64003pt::38.45836pt.
[11


]
l2hSize :tex2html_wrap_inline15184:8.0pt::8.0pt::22.04866pt.
[12


]
l2hSize :tex2html_wrap_inline15186:8.0pt::8.0pt::26.76683pt.
[13


]
l2hSize :tex2html_wrap_inline15188:6.95831pt::6.95831pt::9.63666pt.
[14


]
l2hSize :tex2html_wrap_inline15194:8.0pt::8.0pt::25.63489pt.
[15


]
l2hSize :tex2html_wrap_inline15196:8.64003pt::8.64003pt::32.20834pt.
[16


]
l2hSize :tex2html_wrap_inline15202:8.0pt::8.0pt::21.81256pt.
[17


]
l2hSize :tex2html_wrap_inline15218:6.95831pt::6.95831pt::4.98616pt.
[18


]
l2hSize :tex2html_wrap_inline15220:6.95831pt::6.95831pt::4.98616pt.
[19


]
l2hSize :tex2html_wrap_inline15234:8.14003pt::0.0pt::4.98616pt.
[20


]
l2hSize :tex2html_wrap_inline15246:8.14003pt::0.0pt::4.98616pt.
[21


]
l2hSize :tex2html_wrap_inline19226:6.83331pt::0.0pt::8.31949pt.
[22


]
l2hSize :tex2html_wrap_indisplay19229:7.33331pt::7.33331pt::8.31949pt.
[23


]
l2hSize :tex2html_wrap_indisplay19233:8.0pt::8.0pt::87.69588pt.
[24


]
l2hSize :tex2html_wrap_indisplay19237:15.67734pt::15.67734pt::245.86397pt.
[25


]
l2hSize :tex2html_wrap_indisplay19241:15.67734pt::15.67734pt::259.423pt.
[26


]
l2hSize :tex2html_wrap_indisplay19245:8.0pt::8.0pt::122.06926pt.
[27


]
l2hSize :tex2html_wrap_inline19247:7.33331pt::7.33331pt::14.11118pt.
[28


]
l2hSize :tex2html_wrap_inline19249:7.33331pt::7.33331pt::15.18758pt.
[29


]
l2hSize :tex2html_wrap_indisplay19251:15.0001pt::15.0001pt::64.71469pt.
[30


]
l2hSize :tex2html_wrap_indisplay19256:6.95831pt::6.95831pt::6.52551pt.
[31


]
l2hSize :tex2html_wrap_indisplay19260:8.0pt::8.0pt::93.14955pt.
[32


]
l2hSize :tex2html_wrap_indisplay19264:27.62239pt::27.62239pt::288.10977pt.
[33


]
l2hSize :tex2html_wrap_indisplay19268:8.0pt::8.0pt::54.82529pt.
[34


]
l2hSize :tex2html_wrap_inline19274:9.00005pt::9.00005pt::122.16539pt.
[35


]
l2hSize :tex2html_wrap_inline19276:6.95831pt::6.95831pt::22.74588pt.
[36


]
l2hSize :tex2html_wrap_indisplay19280:14.11122pt::14.11122pt::180.62686pt.
[37


]
l2hSize :tex2html_wrap_inline19284:8.0pt::8.0pt::58.09856pt.
[38


]
l2hSize :tex2html_wrap_inline19286:9.00005pt::9.00005pt::89.91771pt.
[39


]
l2hSize :tex2html_wrap_inline19304:8.0pt::8.0pt::41.07414pt.
[40


]
l2hSize :tex2html_wrap_inline19308:7.33331pt::7.33331pt::21.81372pt.
[41


]
l2hSize :tex2html_wrap_inline19350:7.33331pt::7.33331pt::38.84792pt.
[42


]
l2hSize :tex2html_wrap_inline19352:7.49998pt::7.49998pt::13.08786pt.
[43


]
l2hSize :tex2html_wrap_inline19354:7.49998pt::7.49998pt::17.17607pt.
[44


]
l2hSize :tex2html_wrap_inline19358:6.94444pt::0.0pt::24.66663pt.
[45


]
l2hSize :tex2html_wrap_inline19360:6.94444pt::0.0pt::24.66663pt.
[46


]
l2hSize :tex2html_wrap_indisplay19362:8.0pt::8.0pt::119.51144pt.
[47


]
l2hSize :tex2html_wrap_inline19364:8.0pt::8.0pt::26.35892pt.
[48


]
l2hSize :tex2html_wrap_indisplay19366:14.11122pt::14.11122pt::199.64958pt.
[49


]
l2hSize :tex2html_wrap_inline19368:7.44444pt::7.44444pt::68.32436pt.
[50


]
l2hSize :tex2html_wrap_indisplay19373:15.0001pt::15.0001pt::69.44077pt.
[51


]
l2hSize :tex2html_wrap_indisplay19377:14.20952pt::14.20952pt::100.77835pt.
[52


]
l2hSize :tex2html_wrap_indisplay19381:14.76508pt::14.76508pt::141.43034pt.
[53


]
l2hSize :tex2html_wrap_indisplay19385:27.62239pt::27.62239pt::173.61655pt.
[54


]
l2hSize :tex2html_wrap_indisplay19387:16.50012pt::16.50012pt::131.00952pt.
[55


]
l2hSize :tex2html_wrap_inline19389:9.3373pt::9.3373pt::30.57384pt.
[56


]
l2hSize :tex2html_wrap_indisplay19402:7.33331pt::7.33331pt::10.3195pt.
[57


]
l2hSize :tex2html_wrap_indisplay19406:8.0pt::8.0pt::139.84697pt.
[58


]
l2hSize :tex2html_wrap_indisplay19408:7.33331pt::7.33331pt::13.42369pt.
[59


]
l2hSize :tex2html_wrap_inline19416:7.33331pt::7.33331pt::63.081pt.
[60


]
l2hSize :tex2html_wrap_inline19420:7.09525pt::7.09525pt::9.18823pt.
[61


]
l2hSize :tex2html_wrap_indisplay19424:9.14003pt::9.14003pt::145.5501pt.
[62


]
l2hSize :tex2html_wrap_indisplay19426:14.65974pt::14.65974pt::168.29448pt.
[63


]
l2hSize :tex2html_wrap_inline19438:8.0pt::8.0pt::24.56949pt.
[64


]
l2hSize :tex2html_wrap_inline19440:8.0pt::8.0pt::46.66454pt.
[65


]
l2hSize :tex2html_wrap_inline19458:8.0pt::8.0pt::95.22208pt.
[66


]
l2hSize :tex2html_wrap_inline19460:8.0pt::8.0pt::40.10204pt.
[67


]
l2hSize :tex2html_wrap_inline19544:7.33331pt::7.33331pt::26.84715pt.
[68


]
l2hSize :tex2html_wrap_indisplay19546:8.0pt::8.0pt::237.16449pt.
[69


]
l2hSize :tex2html_wrap_inline19548:8.0pt::8.0pt::65.87636pt.
[70


]
l2hSize :tex2html_wrap_inline19550:7.49998pt::7.49998pt::12.98578pt.
[71


]
l2hSize :tex2html_wrap_inline19554:6.95831pt::6.95831pt::8.29344pt.
[72


]
l2hSize :tex2html_wrap_indisplay19556:14.11122pt::14.11122pt::77.4044pt.
[73


]
l2hSize :tex2html_wrap_indisplay19558:11.57062pt::11.57062pt::66.96475pt.
[74


]
l2hSize :tex2html_wrap_inline19562:7.49998pt::7.49998pt::69.94135pt.
[75


]
l2hSize :tex2html_wrap_indisplay19565:8.0pt::8.0pt::36.70967pt.
[76


]
l2hSize :tex2html_wrap_indisplay19566:26.62239pt::26.62239pt::150.8992pt.
[77


]
l2hSize :tex2html_wrap_indisplay19567:26.62239pt::26.62239pt::178.14287pt.
[78


]
l2hSize :tex2html_wrap_indisplay19568:14.11122pt::14.11122pt::204.02147pt.
[79


]
l2hSize :tex2html_wrap_indisplay19569:11.57062pt::11.57062pt::89.77057pt.
[80


]
l2hSize :tex2html_wrap_indisplay19572:8.0pt::8.0pt::46.70966pt.
[81


]
l2hSize :tex2html_wrap_indisplay19573:11.57062pt::11.57062pt::137.60258pt.
[82


]
l2hSize :tex2html_wrap_indisplay19574:8.0pt::8.0pt::130.73854pt.
[83


]
l2hSize :tex2html_wrap_inline19576:6.83331pt::0.0pt::16.65285pt.
[84


]
l2hSize :tex2html_wrap_inline19580:8.0pt::8.0pt::36.70967pt.
[85


]
l2hSize :tex2html_wrap_inline19582:8.0pt::8.0pt::36.70967pt.
[86


]
l2hSize :tex2html_wrap_indisplay19601:8.0pt::8.0pt::36.57428pt.
[87


]
l2hSize :tex2html_wrap_indisplay19602:14.26506pt::14.26506pt::103.0969pt.
[88


]
l2hSize :tex2html_wrap_indisplay19603:8.0pt::8.0pt::36.57428pt.
[89


]
l2hSize :tex2html_wrap_indisplay19604:14.26506pt::14.26506pt::96.98578pt.
[90


]
l2hSize :tex2html_wrap_indisplay19606:8.0pt::8.0pt::123.31851pt.
[91


]
l2hSize :tex2html_wrap_inline19612:7.44444pt::7.44444pt::22.83687pt.
[92


]
l2hSize :tex2html_wrap_inline19626:6.83331pt::0.0pt::8.83339pt.
[93


]
l2hSize :tex2html_wrap_inline19628:6.99998pt::0.0pt::19.41449pt.
[94


]
l2hSize :tex2html_wrap_inline19630:8.0pt::8.0pt::64.20973pt.
[95


]
Missing character: There is no ^^A in font rsfs10!
l2hSize :tex2html_wrap_inline19642:6.83331pt::0.0pt::8.41806pt.
[96


]
l2hSize :tex2html_wrap_inline19690:8.91226pt::8.91226pt::26.44127pt.
[97


]
l2hSize :tex2html_wrap_inline19692:7.49998pt::7.49998pt::69.94135pt.
[98


]
l2hSize :tex2html_wrap_indisplay19696:26.62239pt::26.62239pt::135.42905pt.
[99


]
l2hSize :tex2html_wrap_indisplay19698:14.11122pt::14.11122pt::76.74762pt.
[100


]
l2hSize :tex2html_wrap_indisplay19700:8.0pt::8.0pt::120.95027pt.
[101


]
l2hSize :tex2html_wrap_inline19704:7.33331pt::7.33331pt::33.59737pt.
[102


]
l2hSize :tex2html_wrap_inline19706:8.91226pt::8.91226pt::46.9928pt.
[103


]
l2hSize :tex2html_wrap_indisplay19708:26.62239pt::26.62239pt::178.85344pt.
[104


]
l2hSize :tex2html_wrap_indisplay19710:14.11122pt::14.11122pt::124.384pt.
[105


]
l2hSize :tex2html_wrap_inline19716:7.33331pt::7.33331pt::13.27376pt.
[106


]
l2hSize :tex2html_wrap_indisplay19720:14.09839pt::14.09839pt::133.81917pt.
[107


]
l2hSize :tex2html_wrap_inline19722:6.95831pt::6.95831pt::8.86057pt.
[108


]
l2hSize :tex2html_wrap_inline19726:7.33331pt::7.33331pt::12.14182pt.
[109


]
l2hSize :tex2html_wrap_inline19728:7.33331pt::7.33331pt::13.53072pt.
[110


]
l2hSize :tex2html_wrap_indisplay19730:14.09839pt::14.09839pt::51.04813pt.
[111


]
l2hSize :tex2html_wrap_indisplay19733:8.0pt::8.0pt::22.88551pt.
[112


]
l2hSize :tex2html_wrap_indisplay19734:17.01393pt::17.01393pt::147.91698pt.
[113


]
l2hSize :tex2html_wrap_indisplay19735:8.0pt::8.0pt::49.0869pt.
[114


]
l2hSize :tex2html_wrap_indisplay19736:17.01393pt::17.01393pt::153.59822pt.
[115


]
l2hSize :tex2html_wrap_indisplay19738:17.01393pt::17.01393pt::59.76097pt.
[116


]
l2hSize :tex2html_wrap_indisplay19739:7.44444pt::7.44444pt::34.78484pt.
[117


]
l2hSize :tex2html_wrap_inline19741:7.33331pt::7.33331pt::23.44107pt.
[118


]
l2hSize :tex2html_wrap_inline19747:8.0pt::8.0pt::22.88551pt.
[119


]
l2hSize :tex2html_wrap_inline19749:6.95831pt::6.95831pt::9.1152pt.
[120


]
l2hSize :tex2html_wrap_indisplay19751:14.09839pt::14.09839pt::143.46555pt.
[121


]
l2hSize :tex2html_wrap_indisplay19753:28.71251pt::28.71251pt::138.82674pt.
[122


]
l2hSize :tex2html_wrap_indisplay19755:33.71251pt::33.71251pt::155.33374pt.
[123


]
l2hSize :tex2html_wrap_inline19757:7.33331pt::7.33331pt::10.25987pt.
[124


]
l2hSize :tex2html_wrap_indisplay19758:7.44444pt::7.44444pt::33.38834pt.
[125


]
l2hSize :tex2html_wrap_indisplay19759:14.09839pt::14.09839pt::32.54587pt.
[126


]
l2hSize :tex2html_wrap_indisplay19760:26.62239pt::26.62239pt::93.33989pt.
[127


]
l2hSize :tex2html_wrap_indisplay19761:26.62239pt::26.62239pt::167.61784pt.
[128


]
l2hSize :tex2html_wrap_indisplay19762:26.62239pt::26.62239pt::185.77592pt.
[129


]
l2hSize :tex2html_wrap_indisplay19763:14.11122pt::14.11122pt::96.083pt.
[130


]
l2hSize :tex2html_wrap_indisplay19764:7.33331pt::7.33331pt::23.0376pt.
[131


]
l2hSize :tex2html_wrap_indisplay19765:14.11122pt::14.11122pt::124.11142pt.
[132


]
l2hSize :tex2html_wrap_indisplay19767:33.71251pt::33.71251pt::174.03383pt.
[133


]
l2hSize :tex2html_wrap_indisplay19769:18.6834pt::18.6834pt::189.86684pt.
[134


]
l2hSize :tex2html_wrap_inline19771:8.94843pt::8.94843pt::99.35718pt.
[135


]
l2hSize :tex2html_wrap_inline19773:6.95831pt::6.95831pt::18.90059pt.
[136


]
l2hSize :tex2html_wrap_inline19775:6.95831pt::6.95831pt::21.26773pt.
[137


]
l2hSize :tex2html_wrap_inline19779:7.49998pt::7.49998pt::37.98164pt.
[138


]
l2hSize :tex2html_wrap_inline19781:7.33331pt::7.33331pt::11.14415pt.
[139


]
l2hSize :tex2html_wrap_indisplay19796:14.20952pt::14.20952pt::119.55371pt.
[140


]
l2hSize :tex2html_wrap_indisplay19797:9.14003pt::9.14003pt::129.33542pt.
[141


]
l2hSize :tex2html_wrap_inline19803:6.95831pt::6.95831pt::5.82411pt.
[142


]
l2hSize :tex2html_wrap_inline19805:6.45831pt::0.0pt::24.54854pt.
[143


]
l2hSize :tex2html_wrap_inline19809:6.94444pt::0.0pt::4.79169pt.
[144


]
l2hSize :tex2html_wrap_inline19813:8.0pt::8.0pt::56.69441pt.
[145


]
l2hSize :tex2html_wrap_inline19819:7.44444pt::7.44444pt::69.93619pt.
[146


]
l2hSize :tex2html_wrap_indisplay19866:13.70952pt::13.70952pt::96.31322pt.
[147


]
l2hSize :tex2html_wrap_inline19868:6.95831pt::6.95831pt::14.84094pt.
[148


]
l2hSize :tex2html_wrap_inline19872:8.0pt::8.0pt::152.41444pt.
[149


]
l2hSize :tex2html_wrap_indisplay19986:18.00014pt::18.00014pt::170.99419pt.
[150


]
l2hSize :tex2html_wrap_inline19988:6.45831pt::0.0pt::7.92828pt.
[151


]
l2hSize :tex2html_wrap_indisplay19994:19.45006pt::19.45006pt::124.6533pt.
[152


]
l2hSize :tex2html_wrap_inline20013:8.0pt::8.0pt::21.73894pt.
[153


]
l2hSize :tex2html_wrap_inline20049:7.33331pt::7.33331pt::10.35002pt.
[154


]
l2hSize :tex2html_wrap_indisplay20051:18.00014pt::18.00014pt::247.13315pt.
[155


]
l2hSize :tex2html_wrap_inline20053:6.83331pt::0.0pt::16.06604pt.
[156


]
l2hSize :tex2html_wrap_indisplay20059:14.09839pt::14.09839pt::76.7013pt.
[157


] (./images.aux)
Package rerunfilecheck Info: File `images.out' has not changed.
(rerunfilecheck)             Checksum: D41D8CD98F00B204E9800998ECF8427E;0.
 ) 
Here is how much of TeX's memory you used:
 9281 strings out of 479516
 130925 string characters out of 5877320
 455673 words of memory out of 5000000
 26491 multiletter control sequences out of 15000+600000
 408381 words of font info for 47 fonts, out of 8000000 for 9000
 891 hyphenation exceptions out of 8191
 76i,9n,80p,828b,365s stack positions out of 5000i,500n,10000p,200000b,80000s

Output written on images.dvi (157 pages, 111872 bytes).
